Created by PLY version 3.11 (http://www.dabeaz.com/ply)

Unused terminals:

    COMMENT

Grammar

Rule 0     S' -> program
Rule 1     program -> statement
Rule 2     program -> empty
Rule 3     statement -> CREATE ID IP EXCLAM
Rule 4     statement -> SEND STR EXCLAM
Rule 5     statement -> CLOSE EXCLAM
Rule 6     empty -> <empty>

Terminals, with rules where they appear

CLOSE                : 5
COMMENT              : 
CREATE               : 3
EXCLAM               : 3 4 5
ID                   : 3
IP                   : 3
SEND                 : 4
STR                  : 4
error                : 

Nonterminals, with rules where they appear

empty                : 2
program              : 0
statement            : 1

Parsing method: LALR

state 0

    (0) S' -> . program
    (1) program -> . statement
    (2) program -> . empty
    (3) statement -> . CREATE ID IP EXCLAM
    (4) statement -> . SEND STR EXCLAM
    (5) statement -> . CLOSE EXCLAM
    (6) empty -> .

    CREATE          shift and go to state 4
    SEND            shift and go to state 5
    CLOSE           shift and go to state 6
    $end            reduce using rule 6 (empty -> .)

    program                        shift and go to state 1
    statement                      shift and go to state 2
    empty                          shift and go to state 3

state 1

    (0) S' -> program .



state 2

    (1) program -> statement .

    $end            reduce using rule 1 (program -> statement .)


state 3

    (2) program -> empty .

    $end            reduce using rule 2 (program -> empty .)


state 4

    (3) statement -> CREATE . ID IP EXCLAM

    ID              shift and go to state 7


state 5

    (4) statement -> SEND . STR EXCLAM

    STR             shift and go to state 8


state 6

    (5) statement -> CLOSE . EXCLAM

    EXCLAM          shift and go to state 9


state 7

    (3) statement -> CREATE ID . IP EXCLAM

    IP              shift and go to state 10


state 8

    (4) statement -> SEND STR . EXCLAM

    EXCLAM          shift and go to state 11


state 9

    (5) statement -> CLOSE EXCLAM .

    $end            reduce using rule 5 (statement -> CLOSE EXCLAM .)


state 10

    (3) statement -> CREATE ID IP . EXCLAM

    EXCLAM          shift and go to state 12


state 11

    (4) statement -> SEND STR EXCLAM .

    $end            reduce using rule 4 (statement -> SEND STR EXCLAM .)


state 12

    (3) statement -> CREATE ID IP EXCLAM .

    $end            reduce using rule 3 (statement -> CREATE ID IP EXCLAM .)

